[2014-11-15 20:29:37] START
[2014-11-15 22:16:35] CREATE custom.py: 0
[2014-11-15 22:19:14] CREATE custom/index.html: 0
[2014-11-15 23:27:50] CREATE custom/home.html: 0
[2014-11-16 00:44:20] EDIT Edusofty/controllers/custom.py: 3
[2014-11-16 00:45:34] EDIT Edusofty/controllers/custom.py: 0
[2014-11-16 00:53:09] EDIT Edusofty/models/menu.py: 4
[2014-11-16 00:53:20] EDIT Edusofty/models/menu.py: 0
[2014-11-16 00:53:21] EDIT Edusofty/models/menu.py: 0
[2014-11-16 00:53:34] EDIT Edusofty/controllers/custom.py: -3
[2014-11-16 00:53:35] EDIT Edusofty/controllers/custom.py: 0
[2014-11-16 00:55:20] EDIT Edusofty/controllers/custom.py: 3
[2014-11-16 00:55:43] EDIT Edusofty/controllers/custom.py: 0
[2014-11-16 00:58:19] EDIT Edusofty/controllers/custom.py: 0
[2014-11-16 01:00:32] EDIT Edusofty/controllers/custom.py: 0
[2014-11-16 01:02:48] EDIT Edusofty/controllers/custom.py: 0
[2014-11-16 01:08:48] EDIT Edusofty/controllers/custom.py: 0
[2014-11-16 01:10:52] EDIT Edusofty/models/menu.py: 2
[2014-11-16 01:11:08] EDIT Edusofty/models/menu.py: 0
[2014-11-16 01:11:24] EDIT Edusofty/models/menu.py: 0
[2014-11-16 01:11:26] EDIT Edusofty/models/menu.py: 0
[2014-11-16 01:12:10] EDIT Edusofty/models/menu.py: 0
[2014-11-16 02:28:09] EDIT Edusofty/controllers/custom.py: 1
[2014-11-16 02:29:43] EDIT Edusofty/controllers/custom.py: 1
[2014-11-16 02:31:59] EDIT Edusofty/models/menu.py: 4
[2014-11-16 02:33:26] EDIT Edusofty/models/menu.py: 0
[2014-11-16 02:35:10] EDIT Edusofty/controllers/custom.py: -2
[2014-11-16 10:26:58] EDIT Edusofty/static/css/1.css: 2
[2014-11-16 10:27:47] EDIT Edusofty/static/css/1.css: -2
[2014-11-16 10:28:04] EDIT Edusofty/static/plugin_layouts/layouts/EfflorescenceGreen/style.css: 0
[2014-11-16 10:40:32] EDIT Edusofty/static/plugin_layouts/layouts/EfflorescenceGreen/style.css: 0
[2014-11-16 10:40:42] EDIT Edusofty/static/plugin_layouts/layouts/EfflorescenceGreen/style.css: 0
[2014-11-16 10:42:27] EDIT Edusofty/static/plugin_layouts/layouts/EfflorescenceGreen/style.css: 1
[2014-11-16 10:44:32] EDIT Edusofty/static/plugin_layouts/layouts/EfflorescenceGreen/style.css: 0
[2014-11-16 10:47:45] EDIT Edusofty/models/menu.py: -6
[2014-11-16 10:58:25] EDIT Edusofty/static/plugin_layouts/layouts/EfflorescenceGreen/style.css: 3
[2014-11-16 10:59:10] EDIT Edusofty/static/plugin_layouts/layouts/EfflorescenceGreen/style.css: 0
[2014-11-16 11:01:44] EDIT Edusofty/static/plugin_layouts/layouts/EfflorescenceGreen/style.css: 0
[2014-11-16 11:05:33] EDIT Edusofty/static/css/1.css: 2
[2014-11-16 11:07:00] EDIT Edusofty/static/css/1.css: 0
[2014-11-16 12:41:13] EDIT Edusofty/static/css/1.css: 8
[2014-11-16 12:43:01] EDIT Edusofty/static/plugin_layouts/layouts/EfflorescenceGreen/style.css: 10
[2014-11-16 12:45:17] EDIT Edusofty/static/plugin_layouts/layouts/EfflorescenceGreen/style.css: 12
